mobmixer_lib/build/intermediates/manifest_merge_blame_file/debug/manifest-merger-blame-debug-report.txt
1<?xml version="1.0" encoding="utf-8"?>
2<manifest xmlns:android="http://schemas.android.com/apk/res/android"
3    xmlns:tools="http://schemas.android.com/tools"
4    package="com.mobmixer.sdk"
5    android:versionCode="1"
6    android:versionName="1.0" >
7
8    <uses-sdk
9        android:minSdkVersion="14"
9-->src\main\AndroidManifest.xml
10        android:targetSdkVersion="29" />
10-->src\main\AndroidManifest.xml
11
12    <uses-permission android:name="android.permission.ACCESS_NETWORK_STATE" />
12-->src\main\AndroidManifest.xml:8:5-79
12-->src\main\AndroidManifest.xml:8:22-76
13    <uses-permission android:name="android.permission.INTERNET" />
13-->src\main\AndroidManifest.xml:9:5-67
13-->src\main\AndroidManifest.xml:9:22-64
14
15    <!-- <uses-permission android:name="android.permission.FOREGROUND_SERVICE" /> -->
16    <application>
16-->src\main\AndroidManifest.xml:12:5-19:19
17        <meta-data
17-->src\main\AndroidManifest.xml:14:9-17:69
18            android:name="com.google.android.gms.version"
18-->src\main\AndroidManifest.xml:16:13-58
19            android:value="@integer/google_play_services_version"
19-->src\main\AndroidManifest.xml:17:13-66
20            tools:node="replace" />
20-->src\main\AndroidManifest.xml:15:13-33
21    </application>
22
23</manifest>